<?xml version="1.0" encoding="UTF-8"?>
<!-- Generated by org.testng.reporters.JUnitReportReporter -->
<testsuite hostname="U-DD2X5T3" failures="0" tests="1" name="udb.testcases.CreateUser" time="72.617" errors="0" timestamp="2023-08-11T10:12:21 IST" skipped="0">
  <testcase classname="udb.testcases.CreateUser" name="verifyCreateUser" time="72.617"/>
</testsuite> <!-- udb.testcases.CreateUser -->
