<?xml version="1.0" encoding="UTF-8"?>
<!-- Generated by org.testng.reporters.JUnitReportReporter -->
<testsuite hostname="U-DD2X5T3" failures="0" tests="1" name="udb.testcases.TestGetUserByID" time="2.106" errors="0" timestamp="2023-08-10T11:21:27 IST" skipped="0">
  <testcase classname="udb.testcases.TestGetUserByID" name="verifyGetByID" time="2.106"/>
</testsuite> <!-- udb.testcases.TestGetUserByID -->
