<?xml version="1.0" encoding="UTF-8"?>
<!-- Generated by org.testng.reporters.JUnitReportReporter -->
<testsuite hostname="U-DD2X5T3" failures="0" tests="1" name="udb.testcases.CreateUser" time="0.009" errors="0" timestamp="2023-08-10T19:37:20 IST" skipped="0">
  <testcase classname="udb.testcases.CreateUser" name="verifyCreateUser" time="0.009"/>
</testsuite> <!-- udb.testcases.CreateUser -->
