<?xml version="1.0" encoding="UTF-8"?>
<!-- Generated by org.testng.reporters.JUnitReportReporter -->
<testsuite hostname="U-DD2X5T3" failures="0" tests="1" name="udb.testcases.TestGetAllUsers" time="2.636" errors="0" timestamp="2023-08-09T14:22:47 IST" skipped="0">
  <testcase classname="udb.testcases.TestGetAllUsers" name="verifyGetAllUsersAPI" time="2.636"/>
</testsuite> <!-- udb.testcases.TestGetAllUsers -->
