<?xml version="1.0" encoding="UTF-8"?>
<!-- Generated by org.testng.reporters.JUnitReportReporter -->
<testsuite hostname="U-DD2X5T3" failures="0" tests="1" name="udb.testcases.TestGetAllUsers" time="1.917" errors="0" timestamp="2023-08-10T11:19:09 IST" skipped="0">
  <testcase classname="udb.testcases.TestGetAllUsers" name="verifyGetAllUsersAPI" time="1.917"/>
</testsuite> <!-- udb.testcases.TestGetAllUsers -->
