<?xml version="1.0" encoding="UTF-8"?>
<!-- Generated by org.testng.reporters.JUnitReportReporter -->
<testsuite hostname="U-DD2X5T3" failures="0" tests="2" name="udb.testcases.GetUser_APIChaining" time="3.531" errors="0" timestamp="2023-08-10T11:16:08 IST" skipped="0">
  <testcase classname="udb.testcases.GetUser_APIChaining" name="verifyGetByID" time="0.866"/>
  <testcase classname="udb.testcases.GetUser_APIChaining" name="verifyGetAllUsersAPI" time="2.665"/>
</testsuite> <!-- udb.testcases.GetUser_APIChaining -->
