<?xml version="1.0" encoding="UTF-8"?>
<!-- Generated by org.testng.reporters.JUnitReportReporter -->
<testsuite hostname="U-DD2X5T3" failures="0" tests="2" name="udb.suites.GETUserSuite" time="3.216" errors="0" timestamp="2023-08-15T14:32:48 IST" skipped="0">
  <testcase classname="udb.suites.GETUserSuite" name="testGetUser" time="2.682">
    <system-out>
      <![CDATA[Get All Users API Response working
Status Code is200
Test case TC101 success]]>
    </system-out>
  </testcase> <!-- testGetUser -->
  <testcase classname="udb.suites.GETUserSuite" name="testGetUser" time="0.534">
    <system-out>
      <![CDATA[Get By ID Response Taken
The Response 200 came for ID4420364
Test case TC102 success]]>
    </system-out>
  </testcase> <!-- testGetUser -->
  <system-out>
    <![CDATA[Get All Users API Response working
Status Code is200
Test case TC101 success
Get By ID Response Taken
The Response 200 came for ID4420364
Test case TC102 success]]>
  </system-out>
</testsuite> <!-- udb.suites.GETUserSuite -->
