<?xml version="1.0" encoding="UTF-8"?>
<!-- Generated by org.testng.reporters.JUnitReportReporter -->
<testsuite hostname="U-DD2X5T3" failures="0" tests="2" name="udb.dataprovider.DataProviderExecutor" time="0.008" errors="0" timestamp="2023-08-09T12:08:44 IST" skipped="0">
  <testcase classname="udb.dataprovider.DataProviderExecutor" name="testHashMapDataProvider" time="0.001"/>
  <testcase classname="udb.dataprovider.DataProviderExecutor" name="testHashMapDataProvider" time="0.007"/>
</testsuite> <!-- udb.dataprovider.DataProviderExecutor -->
