<?xml version="1.0" encoding="UTF-8"?>
<!-- Generated by org.testng.reporters.JUnitReportReporter -->
<testsuite hostname="U-DD2X5T3" failures="0" tests="2" name="udb.suites.POSTUserSuite" time="4.121" errors="0" timestamp="2023-08-15T14:56:38 IST" skipped="0">
  <testcase classname="udb.suites.POSTUserSuite" name="testCreateUser" time="0.884">
    <system-out>
      <![CDATA[The POST Request "name":"mahiii","gender":"male","email":"mahiii123@gmail.com","status":"active"
Hitting POST URL for Email Validation
Response Message received -->has already been taken
Response Success --> Email Validation Working]]>
    </system-out>
  </testcase> <!-- testCreateUser -->
  <testcase classname="udb.suites.POSTUserSuite" name="testCreateUser" time="3.237">
    <system-out>
      <![CDATA[the user Request "name":"virat","gender":"male","email":"virat123@gmail.com","status":"active"
Hitting Create User URL 
Name or Email already used 
verifyCreateUserWithValidRequest method fails ]]>
    </system-out>
  </testcase> <!-- testCreateUser -->
  <system-out>
    <![CDATA[the user Request "name":"virat","gender":"male","email":"virat123@gmail.com","status":"active"
Hitting Create User URL 
Name or Email already used 
verifyCreateUserWithValidRequest method fails 
The POST Request "name":"mahiii","gender":"male","email":"mahiii123@gmail.com","status":"active"
Hitting POST URL for Email Validation
Response Message received -->has already been taken
Response Success --> Email Validation Working]]>
  </system-out>
</testsuite> <!-- udb.suites.POSTUserSuite -->
